<?xml version="1.0" encoding="UTF-8"?>
<!-- Generated by org.testng.reporters.JUnitReportReporter -->
<testsuite hostname="DESKTOP-2SKVUE2" failures="0" tests="1" name="testScripts.Test7" time="7.392" errors="0" timestamp="2023-09-30T22:18:20 IST" skipped="0">
  <testcase classname="testScripts.Test7" name="tc" time="7.392"/>
  <system-out/>
</testsuite> <!-- testScripts.Test7 -->
