<?xml version="1.0" encoding="UTF-8"?>
<!-- Generated by org.testng.reporters.JUnitReportReporter -->
<testsuite hostname="DESKTOP-2SKVUE2" failures="0" tests="1" name="testScripts.Test2" time="0.001" errors="0" timestamp="2023-09-22T16:57:12 IST" skipped="0">
  <testcase classname="testScripts.Test2" name="tc2" time="0.001"/>
  <system-out>
    <![CDATA[Hello SQl]]>
  </system-out>
</testsuite> <!-- testScripts.Test2 -->
