<?xml version="1.0" encoding="UTF-8"?>
<!-- Generated by org.testng.reporters.JUnitReportReporter -->
<testsuite hostname="DESKTOP-2SKVUE2" failures="0" tests="1" name="testScripts.Test5" time="0.003" errors="0" timestamp="2023-09-22T16:57:12 IST" skipped="0">
  <testcase classname="testScripts.Test5" name="tc5" time="0.003"/>
  <system-out>
    <![CDATA[Hello jenkins]]>
  </system-out>
</testsuite> <!-- testScripts.Test5 -->
