<?xml version="1.0" encoding="UTF-8"?>
<!-- Generated by org.testng.reporters.JUnitReportReporter -->
<testsuite hostname="DESKTOP-2SKVUE2" failures="0" tests="1" name="testScripts.Test9" time="12.131" errors="0" timestamp="2023-10-01T15:24:50 IST" skipped="0">
  <testcase classname="testScripts.Test9" name="tc" time="12.131"/>
  <system-out/>
</testsuite> <!-- testScripts.Test9 -->
